#
# There is insufficient memory for the Java Runtime Environment to continue.
# Native memory allocation (malloc) failed to allocate 32744 bytes for ChunkPool::allocate
# Possible reasons:
#   The system is out of physical RAM or swap space
#   The process is running with CompressedOops enabled, and the Java Heap may be blocking the growth of the native heap
# Possible solutions:
#   Reduce memory load on the system
#   Increase physical memory or swap space
#   Check if swap backing store is full
#   Decrease Java heap size (-Xmx/-Xms)
#   Decrease number of Java threads
#   Decrease Java thread stack sizes (-Xss)
#   Set larger code cache with -XX:ReservedCodeCacheSize=
#   JVM is running with Unscaled Compressed Oops mode in which the Java heap is
#     placed in the first 4GB address space. The Java Heap base address is the
#     maximum limit for the native heap growth. Please use -XX:HeapBaseMinAddress
#     to set the Java Heap base and to place the Java Heap above 4GB virtual address.
# This output file may be truncated or incomplete.
#
#  Out of Memory Error (allocation.cpp:272), pid=1352, tid=0x0000000000000ad8
#
# JRE version: OpenJDK Runtime Environment (8.0_302-b08) (build 1.8.0_302-b08)
# Java VM: OpenJDK 64-Bit Server VM (25.302-b08 mixed mode windows-amd64 compressed oops)
# Failed to write core dump. Minidumps are not enabled by default on client versions of Windows
#

---------------  T H R E A D  ---------------

Current thread (0x0000000016069000):  JavaThread "C2 CompilerThread0" daemon [_thread_in_native, id=2776, stack(0x0000000016930000,0x0000000016a30000)]

Stack: [0x0000000016930000,0x0000000016a30000]
[error occurred during error reporting (printing stack bounds), id 0xc0000005]

Native frames: (J=compiled Java code, j=interpreted, Vv=VM code, C=native code)


Current CompileTask:
C2:  15937 4322       4       org.gradle.internal.service.DefaultServiceRegistry$OwnServices::getService (309 bytes)


---------------  P R O C E S S  ---------------

Java Threads: ( => current thread )
  0x000000001777d000 JavaThread "jar transforms Thread 97" [_thread_blocked, id=8892, stack(0x0000000026640000,0x0000000026740000)]
  0x0000000017782800 JavaThread "jar transforms Thread 96" [_thread_blocked, id=15692, stack(0x0000000026540000,0x0000000026640000)]
  0x000000001777a800 JavaThread "jar transforms Thread 95" [_thread_blocked, id=16424, stack(0x0000000026440000,0x0000000026540000)]
  0x0000000017781800 JavaThread "jar transforms Thread 94" [_thread_blocked, id=9640, stack(0x0000000026340000,0x0000000026440000)]
  0x0000000017781000 JavaThread "jar transforms Thread 93" [_thread_blocked, id=12432, stack(0x0000000026240000,0x0000000026340000)]
  0x0000000017780000 JavaThread "jar transforms Thread 92" [_thread_blocked, id=3384, stack(0x0000000026140000,0x0000000026240000)]
  0x0000000017779000 JavaThread "jar transforms Thread 91" [_thread_blocked, id=12484, stack(0x0000000025f40000,0x0000000026040000)]
  0x000000001777a000 JavaThread "jar transforms Thread 90" [_thread_blocked, id=12940, stack(0x0000000025e40000,0x0000000025f40000)]
  0x000000001777f800 JavaThread "jar transforms Thread 89" [_thread_blocked, id=11900, stack(0x0000000025d40000,0x0000000025e40000)]
  0x000000001777e800 JavaThread "jar transforms Thread 88" [_thread_blocked, id=8700, stack(0x0000000025c40000,0x0000000025d40000)]
  0x0000000017778800 JavaThread "jar transforms Thread 87" [_thread_blocked, id=1212, stack(0x0000000025b40000,0x0000000025c40000)]
  0x0000000017775800 JavaThread "jar transforms Thread 86" [_thread_blocked, id=16628, stack(0x0000000025a40000,0x0000000025b40000)]
  0x0000000017775000 JavaThread "jar transforms Thread 85" [_thread_blocked, id=16976, stack(0x0000000025940000,0x0000000025a40000)]
  0x0000000017774000 JavaThread "jar transforms Thread 84" [_thread_blocked, id=15824, stack(0x0000000025840000,0x0000000025940000)]
  0x0000000017776800 JavaThread "jar transforms Thread 83" [_thread_blocked, id=2024, stack(0x0000000025740000,0x0000000025840000)]
  0x0000000017773800 JavaThread "jar transforms Thread 82" [_thread_blocked, id=12660, stack(0x0000000025640000,0x0000000025740000)]
  0x0000000017772800 JavaThread "jar transforms Thread 81" [_thread_blocked, id=6112, stack(0x0000000025540000,0x0000000025640000)]
  0x0000000017771800 JavaThread "jar transforms Thread 80" [_thread_blocked, id=3940, stack(0x0000000025440000,0x0000000025540000)]
  0x0000000017777000 JavaThread "jar transforms Thread 79" [_thread_blocked, id=14968, stack(0x0000000025340000,0x0000000025440000)]
  0x0000000017771000 JavaThread "jar transforms Thread 78" [_thread_blocked, id=4532, stack(0x0000000025240000,0x0000000025340000)]
  0x0000000017769000 JavaThread "jar transforms Thread 77" [_thread_blocked, id=16144, stack(0x0000000025140000,0x0000000025240000)]
  0x0000000017770000 JavaThread "jar transforms Thread 76" [_thread_blocked, id=7968, stack(0x0000000025040000,0x0000000025140000)]
  0x000000001776d000 JavaThread "jar transforms Thread 75" [_thread_blocked, id=18260, stack(0x0000000024f40000,0x0000000025040000)]
  0x000000001776f800 JavaThread "jar transforms Thread 74" [_thread_blocked, id=4124, stack(0x0000000024e40000,0x0000000024f40000)]
  0x000000001776a800 JavaThread "jar transforms Thread 73" [_thread_blocked, id=16752, stack(0x0000000024d40000,0x0000000024e40000)]
  0x000000001776c000 JavaThread "jar transforms Thread 72" [_thread_blocked, id=18180, stack(0x0000000024c40000,0x0000000024d40000)]
  0x000000001776b800 JavaThread "jar transforms Thread 71" [_thread_blocked, id=14744, stack(0x0000000024b40000,0x0000000024c40000)]
  0x000000001776e800 JavaThread "jar transforms Thread 70" [_thread_blocked, id=7684, stack(0x0000000024a40000,0x0000000024b40000)]
  0x0000000017768800 JavaThread "jar transforms Thread 69" [_thread_blocked, id=13092, stack(0x0000000024940000,0x0000000024a40000)]
  0x000000001776a000 JavaThread "jar transforms Thread 68" [_thread_blocked, id=236, stack(0x0000000024840000,0x0000000024940000)]
  0x000000001776e000 JavaThread "jar transforms Thread 67" [_thread_blocked, id=16968, stack(0x0000000024740000,0x0000000024840000)]
  0x000000001c5f2800 JavaThread "jar transforms Thread 66" [_thread_blocked, id=16776, stack(0x0000000024640000,0x0000000024740000)]
  0x000000001c5f2000 JavaThread "jar transforms Thread 65" [_thread_blocked, id=17260, stack(0x0000000024540000,0x0000000024640000)]
  0x000000001c5f1000 JavaThread "jar transforms Thread 64" [_thread_blocked, id=7620, stack(0x0000000024440000,0x0000000024540000)]
  0x000000001c5f0000 JavaThread "jar transforms Thread 63" [_thread_blocked, id=16932, stack(0x0000000024340000,0x0000000024440000)]
  0x000000001c5f3800 JavaThread "jar transforms Thread 62" [_thread_blocked, id=8808, stack(0x0000000024240000,0x0000000024340000)]
  0x000000001c5f4000 JavaThread "jar transforms Thread 61" [_thread_blocked, id=15384, stack(0x0000000024140000,0x0000000024240000)]
  0x000000001c5f6800 JavaThread "jar transforms Thread 60" [_thread_blocked, id=16852, stack(0x0000000024040000,0x0000000024140000)]
  0x000000001c5f5000 JavaThread "jar transforms Thread 59" [_thread_blocked, id=4184, stack(0x0000000023f40000,0x0000000024040000)]
  0x000000001c5f5800 JavaThread "jar transforms Thread 58" [_thread_blocked, id=13156, stack(0x0000000023e40000,0x0000000023f40000)]
  0x000000001c5f7800 JavaThread "jar transforms Thread 57" [_thread_blocked, id=15284, stack(0x0000000023d40000,0x0000000023e40000)]
  0x000000001c5ed000 JavaThread "jar transforms Thread 56" [_thread_blocked, id=7012, stack(0x0000000023c40000,0x0000000023d40000)]
  0x000000001c5e9000 JavaThread "jar transforms Thread 55" [_thread_blocked, id=5692, stack(0x0000000023b40000,0x0000000023c40000)]
  0x000000001c5ec800 JavaThread "jar transforms Thread 54" [_thread_blocked, id=2952, stack(0x0000000023a40000,0x0000000023b40000)]
  0x000000001c5eb800 JavaThread "jar transforms Thread 53" [_thread_blocked, id=18352, stack(0x0000000023940000,0x0000000023a40000)]
  0x000000001c5e8800 JavaThread "jar transforms Thread 52" [_thread_blocked, id=8648, stack(0x0000000023840000,0x0000000023940000)]
  0x000000001c5ef800 JavaThread "jar transforms Thread 51" [_thread_blocked, id=10100, stack(0x0000000023740000,0x0000000023840000)]
  0x000000001c5ee800 JavaThread "jar transforms Thread 50" [_thread_blocked, id=11108, stack(0x0000000023640000,0x0000000023740000)]
  0x000000001c5ea000 JavaThread "jar transforms Thread 49" [_thread_blocked, id=8816, stack(0x0000000023540000,0x0000000023640000)]
  0x000000001c5ee000 JavaThread "jar transforms Thread 48" [_thread_blocked, id=10232, stack(0x0000000023440000,0x0000000023540000)]
  0x000000001c5ea800 JavaThread "jar transforms Thread 47" [_thread_blocked, id=13472, stack(0x0000000023340000,0x0000000023440000)]
  0x000000001b5cf000 JavaThread "jar transforms Thread 46" [_thread_blocked, id=13976, stack(0x0000000023240000,0x0000000023340000)]
  0x000000001b5cf800 JavaThread "jar transforms Thread 45" [_thread_blocked, id=12852, stack(0x0000000023140000,0x0000000023240000)]
  0x000000001b5c8800 JavaThread "jar transforms Thread 44" [_thread_blocked, id=10692, stack(0x0000000023040000,0x0000000023140000)]
  0x000000001b5ce000 JavaThread "jar transforms Thread 43" [_thread_blocked, id=6992, stack(0x0000000022f40000,0x0000000023040000)]
  0x000000001b5cd800 JavaThread "jar transforms Thread 42" [_thread_blocked, id=3956, stack(0x0000000022e40000,0x0000000022f40000)]
  0x000000001b5cb000 JavaThread "jar transforms Thread 41" [_thread_blocked, id=13884, stack(0x0000000022d40000,0x0000000022e40000)]
  0x000000001b5cb800 JavaThread "jar transforms Thread 40" [_thread_blocked, id=1044, stack(0x0000000022c40000,0x0000000022d40000)]
  0x000000001b5c9800 JavaThread "jar transforms Thread 39" [_thread_blocked, id=1340, stack(0x0000000022b40000,0x0000000022c40000)]
  0x000000001b5cc800 JavaThread "jar transforms Thread 38" [_thread_blocked, id=15612, stack(0x0000000022a40000,0x0000000022b40000)]
  0x000000001b5c4800 JavaThread "jar transforms Thread 37" [_thread_blocked, id=10144, stack(0x0000000022940000,0x0000000022a40000)]
  0x000000001b5ca000 JavaThread "jar transforms Thread 36" [_thread_blocked, id=10948, stack(0x0000000022840000,0x0000000022940000)]
  0x000000001b5c8000 JavaThread "jar transforms Thread 35" [_thread_blocked, id=5640, stack(0x0000000022740000,0x0000000022840000)]
  0x000000001b5c7000 JavaThread "jar transforms Thread 34" [_thread_blocked, id=9124, stack(0x0000000022640000,0x0000000022740000)]
  0x000000001b5c4000 JavaThread "jar transforms Thread 33" [_thread_blocked, id=15516, stack(0x0000000022540000,0x0000000022640000)]
  0x000000001b5c1800 JavaThread "jar transforms Thread 32" [_thread_blocked, id=2196, stack(0x0000000022440000,0x0000000022540000)]
  0x000000001b5c5800 JavaThread "jar transforms Thread 31" [_thread_blocked, id=5496, stack(0x0000000022340000,0x0000000022440000)]
  0x000000001b5c0800 JavaThread "jar transforms Thread 30" [_thread_blocked, id=16164, stack(0x0000000022240000,0x0000000022340000)]
  0x000000001b5c3000 JavaThread "jar transforms Thread 29" [_thread_blocked, id=9200, stack(0x0000000022140000,0x0000000022240000)]
  0x000000001b5c6000 JavaThread "jar transforms Thread 28" [_thread_blocked, id=17932, stack(0x0000000022040000,0x0000000022140000)]
  0x000000001b5c2800 JavaThread "jar transforms Thread 27" [_thread_blocked, id=17752, stack(0x0000000021f40000,0x0000000022040000)]
  0x000000001be3b000 JavaThread "jar transforms Thread 26" [_thread_blocked, id=13944, stack(0x0000000021e40000,0x0000000021f40000)]
  0x000000001be3a000 JavaThread "jar transforms Thread 25" [_thread_blocked, id=11336, stack(0x0000000021d40000,0x0000000021e40000)]
  0x000000001be3c800 JavaThread "jar transforms Thread 24" [_thread_blocked, id=8320, stack(0x0000000021c40000,0x0000000021d40000)]
  0x000000001be38800 JavaThread "jar transforms Thread 23" [_thread_blocked, id=18036, stack(0x0000000021b40000,0x0000000021c40000)]
  0x000000001be3b800 JavaThread "jar transforms Thread 22" [_thread_blocked, id=15408, stack(0x0000000021a40000,0x0000000021b40000)]
  0x000000001be37800 JavaThread "jar transforms Thread 21" [_thread_blocked, id=8656, stack(0x0000000021940000,0x0000000021a40000)]
  0x000000001be39800 JavaThread "jar transforms Thread 20" [_thread_blocked, id=13248, stack(0x0000000021840000,0x0000000021940000)]
  0x000000001be30000 JavaThread "jar transforms Thread 19" [_thread_blocked, id=4444, stack(0x0000000021740000,0x0000000021840000)]
  0x000000001be37000 JavaThread "jar transforms Thread 18" [_thread_blocked, id=17576, stack(0x0000000021640000,0x0000000021740000)]
  0x000000001be35800 JavaThread "jar transforms Thread 17" [_thread_blocked, id=12808, stack(0x0000000021540000,0x0000000021640000)]
  0x000000001be34000 JavaThread "jar transforms Thread 16" [_thread_blocked, id=7420, stack(0x0000000021440000,0x0000000021540000)]
  0x000000001be32000 JavaThread "jar transforms Thread 15" [_thread_blocked, id=15844, stack(0x0000000021340000,0x0000000021440000)]
  0x000000001be36000 JavaThread "jar transforms Thread 14" [_thread_blocked, id=4548, stack(0x0000000021240000,0x0000000021340000)]
  0x000000001be2f000 JavaThread "jar transforms Thread 13" [_thread_blocked, id=6600, stack(0x0000000021140000,0x0000000021240000)]
  0x000000001be2e800 JavaThread "jar transforms Thread 12" [_thread_blocked, id=5840, stack(0x0000000021040000,0x0000000021140000)]
  0x000000001be34800 JavaThread "jar transforms Thread 11" [_thread_blocked, id=2344, stack(0x0000000020f40000,0x0000000021040000)]
  0x000000001be31800 JavaThread "jar transforms Thread 10" [_thread_blocked, id=8324, stack(0x0000000020e40000,0x0000000020f40000)]
  0x000000001be30800 JavaThread "jar transforms Thread 9" [_thread_blocked, id=16972, stack(0x0000000020d40000,0x0000000020e40000)]
  0x000000001be2d800 JavaThread "jar transforms Thread 8" [_thread_blocked, id=14732, stack(0x0000000020c40000,0x0000000020d40000)]
  0x000000001be33000 JavaThread "jar transforms Thread 7" [_thread_blocked, id=10040, stack(0x0000000020b40000,0x0000000020c40000)]
  0x000000001daef800 JavaThread "jar transforms Thread 6" [_thread_blocked, id=15068, stack(0x0000000020a40000,0x0000000020b40000)]
  0x000000001daee000 JavaThread "jar transforms Thread 5" [_thread_blocked, id=15680, stack(0x0000000020940000,0x0000000020a40000)]
  0x000000001daea800 JavaThread "jar transforms Thread 4" [_thread_blocked, id=17480, stack(0x0000000020840000,0x0000000020940000)]
  0x000000001daec000 JavaThread "jar transforms Thread 3" [_thread_blocked, id=17632, stack(0x0000000020740000,0x0000000020840000)]
  0x000000001daed000 JavaThread "jar transforms Thread 2" [_thread_blocked, id=3052, stack(0x0000000020640000,0x0000000020740000)]
  0x000000001daea000 JavaThread "Build operations Thread 8" [_thread_blocked, id=16924, stack(0x0000000020540000,0x0000000020640000)]
  0x000000001daeb800 JavaThread "Build operations Thread 7" [_thread_blocked, id=16516, stack(0x0000000020440000,0x0000000020540000)]
  0x000000001daee800 JavaThread "Build operations Thread 6" [_thread_blocked, id=15484, stack(0x0000000020340000,0x0000000020440000)]
  0x000000001dae7800 JavaThread "Build operations Thread 5" [_thread_blocked, id=15740, stack(0x0000000020240000,0x0000000020340000)]
  0x000000001dae3000 JavaThread "Build operations Thread 4" [_thread_blocked, id=9548, stack(0x0000000020140000,0x0000000020240000)]
  0x000000001dae5000 JavaThread "Build operations Thread 3" [_thread_blocked, id=15296, stack(0x0000000020040000,0x0000000020140000)]
  0x000000001dae3800 JavaThread "Build operations Thread 2" [_thread_blocked, id=6912, stack(0x000000001ff40000,0x0000000020040000)]
  0x000000001dae6800 JavaThread "Build operations" [_thread_blocked, id=15460, stack(0x000000001fe40000,0x000000001ff40000)]
  0x000000001dae9000 JavaThread "Cache worker for Build Output Cleanup Cache (D:\Importante\Cursos\React Native\jogo-da-velha\ticTacToe\android\.gradle\buildOutputCleanup)" [_thread_blocked, id=16792, stack(0x000000001fb40000,0x000000001fc40000)]
  0x000000001dae6000 JavaThread "Cache worker for file content cache (C:\Users\Rodrigo\.gradle\caches\6.9\fileContent)" [_thread_blocked, id=620, stack(0x000000001f640000,0x000000001f740000)]
  0x000000001dae2000 JavaThread "jar transforms" [_thread_blocked, id=9320, stack(0x000000001f140000,0x000000001f240000)]
  0x0000000019506800 JavaThread "Cache worker for execution history cache (C:\Users\Rodrigo\.gradle\caches\6.9\executionHistory)" [_thread_blocked, id=7856, stack(0x000000001ea40000,0x000000001eb40000)]
  0x000000001950b800 JavaThread "Cache worker for cache directory md-rule (C:\Users\Rodrigo\.gradle\caches\6.9\md-rule)" [_thread_blocked, id=1780, stack(0x000000001d490000,0x000000001d590000)]
  0x0000000019509000 JavaThread "Cache worker for cache directory md-supplier (C:\Users\Rodrigo\.gradle\caches\6.9\md-supplier)" [_thread_blocked, id=17180, stack(0x000000001c320000,0x000000001c420000)]
  0x000000001950a800 JavaThread "Cache worker for checksums cache (D:\Importante\Cursos\React Native\jogo-da-velha\ticTacToe\android\.gradle\checksums)" [_thread_blocked, id=4764, stack(0x000000001c220000,0x000000001c320000)]
  0x000000001950d000 JavaThread "Cache worker for file hash cache (D:\Importante\Cursos\React Native\jogo-da-velha\ticTacToe\android\.gradle\6.9\fileHashes)" [_thread_blocked, id=10460, stack(0x000000001c120000,0x000000001c220000)]
  0x0000000019509800 JavaThread "Cache worker for journal cache (C:\Users\Rodrigo\.gradle\caches\journal-1)" [_thread_blocked, id=16916, stack(0x000000001ae50000,0x000000001af50000)]
  0x000000001950c000 JavaThread "File lock request listener" [_thread_in_native, id=15852, stack(0x000000001ad50000,0x000000001ae50000)]
  0x000000001950d800 JavaThread "Cache worker for file hash cache (C:\Users\Rodrigo\.gradle\caches\6.9\fileHashes)" [_thread_blocked, id=17624, stack(0x000000001ac50000,0x000000001ad50000)]
  0x000000001909a800 JavaThread "Daemon client event forwarder" [_thread_blocked, id=10428, stack(0x000000001a950000,0x000000001aa50000)]
  0x0000000019096000 JavaThread "Stdin handler" [_thread_blocked, id=10956, stack(0x000000001a850000,0x000000001a950000)]
  0x00000000186fc800 JavaThread "Asynchronous log dispatcher for DefaultDaemonConnection: socket connection from /127.0.0.1:4422 to /127.0.0.1:4423" [_thread_blocked, id=2916, stack(0x000000001a650000,0x000000001a750000)]
  0x0000000018598800 JavaThread "Daemon worker" [_thread_in_native, id=13828, stack(0x000000001a550000,0x000000001a650000)]
  0x0000000018595000 JavaThread "Cancel handler" [_thread_blocked, id=5336, stack(0x000000001a450000,0x000000001a550000)]
  0x00000000186e9800 JavaThread "Handler for socket connection from /127.0.0.1:4422 to /127.0.0.1:4423" [_thread_in_native, id=5048, stack(0x000000001a150000,0x000000001a250000)]
  0x00000000186e8800 JavaThread "Daemon" [_thread_blocked, id=4552, stack(0x000000001a050000,0x000000001a150000)]
  0x00000000186b4800 JavaThread "Daemon periodic checks" [_thread_blocked, id=17868, stack(0x0000000018f80000,0x0000000019080000)]
  0x00000000186cc800 JavaThread "Incoming local TCP Connector on port 4422" [_thread_in_native, id=16376, stack(0x0000000018d40000,0x0000000018e40000)]
  0x00000000183c4000 JavaThread "Daemon health stats" [_thread_blocked, id=16240, stack(0x0000000018900000,0x0000000018a00000)]
  0x00000000160fc000 JavaThread "Service Thread" daemon [_thread_blocked, id=2400, stack(0x0000000016d30000,0x0000000016e30000)]
  0x0000000016077800 JavaThread "C1 CompilerThread3" daemon [_thread_blocked, id=9484, stack(0x0000000016c30000,0x0000000016d30000)]
  0x0000000016073000 JavaThread "C2 CompilerThread2" daemon [_thread_blocked, id=2012, stack(0x0000000016b30000,0x0000000016c30000)]
  0x0000000016072000 JavaThread "C2 CompilerThread1" daemon [_thread_in_native, id=1920, stack(0x0000000016a30000,0x0000000016b30000)]
=>0x0000000016069000 JavaThread "C2 CompilerThread0" daemon [_thread_in_native, id=2776, stack(0x0000000016930000,0x0000000016a30000)]
  0x0000000016060800 JavaThread "Attach Listener" daemon [_thread_blocked, id=18188, stack(0x0000000016830000,0x0000000016930000)]
  0x000000001605f000 JavaThread "Signal Dispatcher" daemon [_thread_blocked, id=17680, stack(0x0000000016730000,0x0000000016830000)]
  0x0000000016051000 JavaThread "Finalizer" daemon [_thread_blocked, id=2016, stack(0x0000000016530000,0x0000000016630000)]
  0x000000001422c800 JavaThread "Reference Handler" daemon [_thread_blocked, id=14020, stack(0x0000000016430000,0x0000000016530000)]
  0x0000000002972800 JavaThread "main" [_thread_blocked, id=5312, stack(0x00000000027b0000,0x00000000028b0000)]

Other Threads:
  0x0000000014226000 VMThread [stack: 0x0000000015f30000,0x0000000016030000] [id=14080]
  0x00000000160fd000 WatcherThread [stack: 0x0000000016e30000,0x0000000016f30000] [id=15748]

VM state:not at safepoint (normal execution)

VM Mutex/Monitor currently owned by a thread: None

heap address: 0x00000000e0000000, size: 512 MB, Compressed Oops mode: 32-bit
Narrow klass base: 0x0000000000000000, Narrow klass shift: 3
Compressed class space size: 1073741824 Address: 0x0000000100000000

Heap:
 PSYoungGen      total 109568K, used 95633K [0x00000000f5580000, 0x00000000ff480000, 0x0000000100000000)
  eden space 96768K, 90% used [0x00000000f5580000,0x00000000fab64190,0x00000000fb400000)
  from space 12800K, 60% used [0x00000000fb400000,0x00000000fbb80398,0x00000000fc080000)
  to   space 12288K, 0% used [0x00000000fe880000,0x00000000fe880000,0x00000000ff480000)
 ParOldGen       total 175104K, used 17990K [0x00000000e0000000, 0x00000000eab00000, 0x00000000f5580000)
  object space 175104K, 10% used [0x00000000e0000000,0x00000000e1191ba0,0x00000000eab00000)
 Metaspace       used 41379K, capacity 43224K, committed 43520K, reserved 1087488K
  class space    used 5688K, capacity 6114K, committed 6144K, reserved 1048576K

Card table byte_map: [0x0000000011e30000,0x0000000011f40000] byte_map_base: 0x0000000011730000

Marking Bits: (ParMarkBitMap*) 0x0000000052f01440
 Begin Bits: [0x0000000012740000, 0x0000000012f40000)
 End Bits:   [0x0000000012f40000, 0x0000000013740000)

Polling page: 0x0000000000fa0000

CodeCache: size=245760Kb used=13100Kb max_used=13100Kb free=232659Kb
 bounds [0x0000000002a70000, 0x0000000003750000, 0x0000000011a70000]
 total_blobs=4635 nmethods=3899 adapters=647
 compilation: enabled

Compilation events (10 events):
Event: 15.930 Thread 0x0000000016077800 4318       3       sun.reflect.ClassFileAssembler::emitConstantPoolClass (23 bytes)
Event: 15.931 Thread 0x0000000016077800 nmethod 4318 0x0000000003745450 code [0x0000000003745600, 0x0000000003745a88]
Event: 15.931 Thread 0x0000000016077800 4319       3       sun.reflect.AccessorGenerator::sub (5 bytes)
Event: 15.931 Thread 0x0000000016077800 nmethod 4319 0x0000000003745150 code [0x00000000037452a0, 0x00000000037453f0]
Event: 15.932 Thread 0x0000000016077800 4320       1       org.gradle.api.internal.collections.SortedSetElementSource::getMutationGuard (5 bytes)
Event: 15.932 Thread 0x0000000016077800 nmethod 4320 0x0000000003744e90 code [0x0000000003744fe0, 0x00000000037450f0]
Event: 15.932 Thread 0x0000000016077800 4321       3       org.gradle.internal.service.DefaultServiceRegistry::isSatisfiedBy (61 bytes)
Event: 15.932 Thread 0x0000000016069000 4322       4       org.gradle.internal.service.DefaultServiceRegistry$OwnServices::getService (309 bytes)
Event: 15.933 Thread 0x0000000016077800 nmethod 4321 0x0000000003744010 code [0x00000000037441e0, 0x0000000003744cb8]
Event: 15.934 Thread 0x0000000016077800 4323       3       sun.nio.fs.WindowsPath::compareTo (118 bytes)

GC Heap History (10 events):
Event: 3.702 GC heap before
{Heap before GC invocations=5 (full 1):
 PSYoungGen      total 76288K, used 8737K [0x00000000f5580000, 0x00000000fea80000, 0x0000000100000000)
  eden space 65536K, 0% used [0x00000000f5580000,0x00000000f5580000,0x00000000f9580000)
  from space 10752K, 81% used [0x00000000fa000000,0x00000000fa8887a8,0x00000000faa80000)
  to   space 10752K, 0% used [0x00000000f9580000,0x00000000f9580000,0x00000000fa000000)
 ParOldGen       total 175104K, used 560K [0x00000000e0000000, 0x00000000eab00000, 0x00000000f5580000)
  object space 175104K, 0% used [0x00000000e0000000,0x00000000e008c368,0x00000000eab00000)
 Metaspace       used 20507K, capacity 21190K, committed 21296K, reserved 1067008K
  class space    used 3032K, capacity 3199K, committed 3200K, reserved 1048576K
Event: 3.738 GC heap after
Heap after GC invocations=5 (full 1):
 PSYoungGen      total 76288K, used 0K [0x00000000f5580000, 0x00000000fea80000, 0x0000000100000000)
  eden space 65536K, 0% used [0x00000000f5580000,0x00000000f5580000,0x00000000f9580000)
  from space 10752K, 0% used [0x00000000fa000000,0x00000000fa000000,0x00000000faa80000)
  to   space 10752K, 0% used [0x00000000f9580000,0x00000000f9580000,0x00000000fa000000)
 ParOldGen       total 175104K, used 8501K [0x00000000e0000000, 0x00000000eab00000, 0x00000000f5580000)
  object space 175104K, 4% used [0x00000000e0000000,0x00000000e084d738,0x00000000eab00000)
 Metaspace       used 20507K, capacity 21190K, committed 21296K, reserved 1067008K
  class space    used 3032K, capacity 3199K, committed 3200K, reserved 1048576K
}
Event: 4.718 GC heap before
{Heap before GC invocations=6 (full 1):
 PSYoungGen      total 76288K, used 65536K [0x00000000f5580000, 0x00000000fea80000, 0x0000000100000000)
  eden space 65536K, 100% used [0x00000000f5580000,0x00000000f9580000,0x00000000f9580000)
  from space 10752K, 0% used [0x00000000fa000000,0x00000000fa000000,0x00000000faa80000)
  to   space 10752K, 0% used [0x00000000f9580000,0x00000000f9580000,0x00000000fa000000)
 ParOldGen       total 175104K, used 8501K [0x00000000e0000000, 0x00000000eab00000, 0x00000000f5580000)
  object space 175104K, 4% used [0x00000000e0000000,0x00000000e084d738,0x00000000eab00000)
 Metaspace       used 28498K, capacity 29354K, committed 29696K, reserved 1075200K
  class space    used 4087K, capacity 4289K, committed 4352K, reserved 1048576K
Event: 4.723 GC heap after
Heap after GC invocations=6 (full 1):
 PSYoungGen      total 76288K, used 8169K [0x00000000f5580000, 0x00000000fcd00000, 0x0000000100000000)
  eden space 65536K, 0% used [0x00000000f5580000,0x00000000f5580000,0x00000000f9580000)
  from space 10752K, 75% used [0x00000000f9580000,0x00000000f9d7a5e0,0x00000000fa000000)
  to   space 11776K, 0% used [0x00000000fc180000,0x00000000fc180000,0x00000000fcd00000)
 ParOldGen       total 175104K, used 8509K [0x00000000e0000000, 0x00000000eab00000, 0x00000000f5580000)
  object space 175104K, 4% used [0x00000000e0000000,0x00000000e084f738,0x00000000eab00000)
 Metaspace       used 28498K, capacity 29354K, committed 29696K, reserved 1075200K
  class space    used 4087K, capacity 4289K, committed 4352K, reserved 1048576K
}
Event: 12.769 GC heap before
{Heap before GC invocations=7 (full 1):
 PSYoungGen      total 76288K, used 73705K [0x00000000f5580000, 0x00000000fcd00000, 0x0000000100000000)
  eden space 65536K, 100% used [0x00000000f5580000,0x00000000f9580000,0x00000000f9580000)
  from space 10752K, 75% used [0x00000000f9580000,0x00000000f9d7a5e0,0x00000000fa000000)
  to   space 11776K, 0% used [0x00000000fc180000,0x00000000fc180000,0x00000000fcd00000)
 ParOldGen       total 175104K, used 8509K [0x00000000e0000000, 0x00000000eab00000, 0x00000000f5580000)
  object space 175104K, 4% used [0x00000000e0000000,0x00000000e084f738,0x00000000eab00000)
 Metaspace       used 34279K, capacity 35370K, committed 35456K, reserved 1079296K
  class space    used 4716K, capacity 4957K, committed 4992K, reserved 1048576K
Event: 12.785 GC heap after
Heap after GC invocations=7 (full 1):
 PSYoungGen      total 107008K, used 11420K [0x00000000f5580000, 0x00000000fcd00000, 0x0000000100000000)
  eden space 95232K, 0% used [0x00000000f5580000,0x00000000f5580000,0x00000000fb280000)
  from space 11776K, 96% used [0x00000000fc180000,0x00000000fcca7148,0x00000000fcd00000)
  to   space 12800K, 0% used [0x00000000fb400000,0x00000000fb400000,0x00000000fc080000)
 ParOldGen       total 175104K, used 8517K [0x00000000e0000000, 0x00000000eab00000, 0x00000000f5580000)
  object space 175104K, 4% used [0x00000000e0000000,0x00000000e0851738,0x00000000eab00000)
 Metaspace       used 34279K, capacity 35370K, committed 35456K, reserved 1079296K
  class space    used 4716K, capacity 4957K, committed 4992K, reserved 1048576K
}
Event: 12.785 GC heap before
{Heap before GC invocations=8 (full 2):
 PSYoungGen      total 107008K, used 11420K [0x00000000f5580000, 0x00000000fcd00000, 0x0000000100000000)
  eden space 95232K, 0% used [0x00000000f5580000,0x00000000f5580000,0x00000000fb280000)
  from space 11776K, 96% used [0x00000000fc180000,0x00000000fcca7148,0x00000000fcd00000)
  to   space 12800K, 0% used [0x00000000fb400000,0x00000000fb400000,0x00000000fc080000)
 ParOldGen       total 175104K, used 8517K [0x00000000e0000000, 0x00000000eab00000, 0x00000000f5580000)
  object space 175104K, 4% used [0x00000000e0000000,0x00000000e0851738,0x00000000eab00000)
 Metaspace       used 34279K, capacity 35370K, committed 35456K, reserved 1079296K
  class space    used 4716K, capacity 4957K, committed 4992K, reserved 1048576K
Event: 12.856 GC heap after
Heap after GC invocations=8 (full 2):
 PSYoungGen      total 107008K, used 0K [0x00000000f5580000, 0x00000000fcd00000, 0x0000000100000000)
  eden space 95232K, 0% used [0x00000000f5580000,0x00000000f5580000,0x00000000fb280000)
  from space 11776K, 0% used [0x00000000fc180000,0x00000000fc180000,0x00000000fcd00000)
  to   space 12800K, 0% used [0x00000000fb400000,0x00000000fb400000,0x00000000fc080000)
 ParOldGen       total 175104K, used 17982K [0x00000000e0000000, 0x00000000eab00000, 0x00000000f5580000)
  object space 175104K, 10% used [0x00000000e0000000,0x00000000e118fba0,0x00000000eab00000)
 Metaspace       used 34275K, capacity 35364K, committed 35456K, reserved 1079296K
  class space    used 4715K, capacity 4955K, committed 4992K, reserved 1048576K
}
Event: 14.404 GC heap before
{Heap before GC invocations=9 (full 2):
 PSYoungGen      total 107008K, used 95232K [0x00000000f5580000, 0x00000000fcd00000, 0x0000000100000000)
  eden space 95232K, 100% used [0x00000000f5580000,0x00000000fb280000,0x00000000fb280000)
  from space 11776K, 0% used [0x00000000fc180000,0x00000000fc180000,0x00000000fcd00000)
  to   space 12800K, 0% used [0x00000000fb400000,0x00000000fb400000,0x00000000fc080000)
 ParOldGen       total 175104K, used 17982K [0x00000000e0000000, 0x00000000eab00000, 0x00000000f5580000)
  object space 175104K, 10% used [0x00000000e0000000,0x00000000e118fba0,0x00000000eab00000)
 Metaspace       used 39332K, capacity 40768K, committed 40960K, reserved 1085440K
  class space    used 5425K, capacity 5796K, committed 5888K, reserved 1048576K
Event: 14.414 GC heap after
Heap after GC invocations=9 (full 2):
 PSYoungGen      total 109568K, used 7680K [0x00000000f5580000, 0x00000000ff480000, 0x0000000100000000)
  eden space 96768K, 0% used [0x00000000f5580000,0x00000000f5580000,0x00000000fb400000)
  from space 12800K, 60% used [0x00000000fb400000,0x00000000fbb80398,0x00000000fc080000)
  to   space 12288K, 0% used [0x00000000fe880000,0x00000000fe880000,0x00000000ff480000)
 ParOldGen       total 175104K, used 17990K [0x00000000e0000000, 0x00000000eab00000, 0x00000000f5580000)
  object space 175104K, 10% used [0x00000000e0000000,0x00000000e1191ba0,0x00000000eab00000)
 Metaspace       used 39332K, capacity 40768K, committed 40960K, reserved 1085440K
  class space    used 5425K, capacity 5796K, committed 5888K, reserved 1048576K
}

Deoptimization events (10 events):
Event: 13.864 Thread 0x0000000018598800 Uncommon trap: reason=range_check action=make_not_entrant pc=0x0000000003582f54 method=java.lang.String.charAt(I)C @ 27
Event: 14.109 Thread 0x0000000018598800 Uncommon trap: reason=unstable_if action=reinterpret pc=0x00000000032aa420 method=java.net.URI.match(CJJ)Z @ 45
Event: 14.578 Thread 0x0000000018598800 Uncommon trap: reason=unstable_if action=reinterpret pc=0x0000000002da7c50 method=java.util.regex.Pattern.has(I)Z @ 6
Event: 14.982 Thread 0x0000000018598800 Uncommon trap: reason=unstable_if action=reinterpret pc=0x0000000002e5aff4 method=java.lang.String.lastIndexOf([CII[CIII)I @ 118
Event: 15.058 Thread 0x000000001dae6800 Uncommon trap: reason=class_check action=maybe_recompile pc=0x0000000002ea81e4 method=java.util.concurrent.ConcurrentHashMap.putVal(Ljava/lang/Object;Ljava/lang/Object;Z)Ljava/lang/Object; @ 192
Event: 15.063 Thread 0x000000001dae3000 Uncommon trap: reason=class_check action=maybe_recompile pc=0x0000000002ea81e4 method=java.util.concurrent.ConcurrentHashMap.putVal(Ljava/lang/Object;Ljava/lang/Object;Z)Ljava/lang/Object; @ 192
Event: 15.066 Thread 0x000000001daeb800 Uncommon trap: reason=unstable_if action=reinterpret pc=0x00000000036819f0 method=com.esotericsoftware.kryo.io.Input.readUtf8Length(I)I @ 9
Event: 15.066 Thread 0x000000001daeb800 Uncommon trap: reason=unstable_if action=reinterpret pc=0x00000000034ab7ec method=java.util.regex.Pattern.has(I)Z @ 6
Event: 15.069 Thread 0x000000001daea000 Uncommon trap: reason=unstable_if action=reinterpret pc=0x00000000036663e4 method=com.esotericsoftware.kryo.io.Input.readUtf8Length(I)I @ 9
Event: 15.610 Thread 0x0000000018598800 Uncommon trap: reason=unstable_if action=reinterpret pc=0x0000000002de49ac method=java.util.jar.JarFile.match([C[B[I[I)Z @ 29

Classes redefined (0 events):
No events

Internal exceptions (10 events):
Event: 15.899 Thread 0x0000000018598800 Exception <a 'java/lang/ClassNotFoundException': org/gradle/api/internal/artifacts/repositories/DefaultMavenArtifactRepository_DecoratedBeanInfo> (0x00000000fa4b2838) thrown at [C:\tmp\build-8-cpu\jdk8u\hotspot\src\share\vm\classfile\systemDictionary.cpp,
Event: 15.902 Thread 0x0000000018598800 Exception <a 'java/lang/ClassNotFoundException': org/gradle/api/internal/artifacts/repositories/DefaultMavenArtifactRepositoryBeanInfo> (0x00000000fa524c58) thrown at [C:\tmp\build-8-cpu\jdk8u\hotspot\src\share\vm\classfile\systemDictionary.cpp, line 217]
Event: 15.905 Thread 0x0000000018598800 Exception <a 'java/lang/ClassNotFoundException': org/gradle/api/internal/artifacts/repositories/AbstractAuthenticationSupportedRepositoryBeanInfo> (0x00000000fa5a1b48) thrown at [C:\tmp\build-8-cpu\jdk8u\hotspot\src\share\vm\classfile\systemDictionary.cpp
Event: 15.908 Thread 0x0000000018598800 Exception <a 'java/lang/ClassNotFoundException': org/gradle/api/internal/artifacts/repositories/AbstractResolutionAwareArtifactRepositoryBeanInfo> (0x00000000fa61f0e0) thrown at [C:\tmp\build-8-cpu\jdk8u\hotspot\src\share\vm\classfile\systemDictionary.cpp
Event: 15.910 Thread 0x0000000018598800 Exception <a 'java/lang/ClassNotFoundException': org/gradle/api/internal/artifacts/repositories/AbstractArtifactRepositoryBeanInfo> (0x00000000fa68d848) thrown at [C:\tmp\build-8-cpu\jdk8u\hotspot\src\share\vm\classfile\systemDictionary.cpp, line 217]
Event: 15.911 Thread 0x0000000018598800 Exception <a 'java/lang/ClassNotFoundException': org/gradle/api/internal/artifacts/repositories/AbstractArtifactRepositoryCustomizer> (0x00000000fa6ffbc8) thrown at [C:\tmp\build-8-cpu\jdk8u\hotspot\src\share\vm\classfile\systemDictionary.cpp, line 217]
Event: 15.915 Thread 0x0000000018598800 Exception <a 'java/lang/ClassNotFoundException': org/gradle/api/internal/artifacts/repositories/AbstractResolutionAwareArtifactRepositoryCustomizer> (0x00000000fa7a0290) thrown at [C:\tmp\build-8-cpu\jdk8u\hotspot\src\share\vm\classfile\systemDictionary.c
Event: 15.916 Thread 0x0000000018598800 Exception <a 'java/lang/ClassNotFoundException': org/gradle/api/internal/artifacts/repositories/AbstractAuthenticationSupportedRepositoryCustomizer> (0x00000000fa827850) thrown at [C:\tmp\build-8-cpu\jdk8u\hotspot\src\share\vm\classfile\systemDictionary.c
Event: 15.918 Thread 0x0000000018598800 Exception <a 'java/lang/ClassNotFoundException': org/gradle/api/internal/artifacts/repositories/DefaultMavenArtifactRepositoryCustomizer> (0x00000000fa8b2358) thrown at [C:\tmp\build-8-cpu\jdk8u\hotspot\src\share\vm\classfile\systemDictionary.cpp, line 21
Event: 15.919 Thread 0x0000000018598800 Exception <a 'java/lang/ClassNotFoundException': org/gradle/api/internal/artifacts/repositories/DefaultMavenArtifactRepository_DecoratedCustomizer> (0x00000000fa950240) thrown at [C:\tmp\build-8-cpu\jdk8u\hotspot\src\share\vm\classfile\systemDictionary.cp

Events (10 events):
Event: 15.928 loading class org/gradle/configuration/project/NotifyProjectAfterEvaluatedBuildOperationType$Result
Event: 15.928 loading class org/gradle/configuration/project/NotifyProjectAfterEvaluatedBuildOperationType$Result done
Event: 15.929 loading class org/gradle/configuration/project/NotifyProjectAfterEvaluatedBuildOperationType$1
Event: 15.929 loading class org/gradle/configuration/project/NotifyProjectAfterEvaluatedBuildOperationType$1 done
Event: 15.929 loading class org/gradle/configuration/project/ConfigureProjectBuildOperationType
Event: 15.929 loading class org/gradle/configuration/project/ConfigureProjectBuildOperationType done
Event: 15.929 loading class org/gradle/configuration/project/ConfigureProjectBuildOperationType$Result
Event: 15.929 loading class org/gradle/configuration/project/ConfigureProjectBuildOperationType$Result done
Event: 15.929 loading class org/gradle/configuration/project/ConfigureProjectBuildOperationType$1
Event: 15.929 loading class org/gradle/configuration/project/ConfigureProjectBuildOperationType$1 done


Dynamic libraries:
0x00007ff624be0000 - 0x00007ff624c15000 	C:\Program Files\OpenJDK\openjdk-8u302-b08\bin\java.exe
0x00007ffb46b70000 - 0x00007ffb46d65000 	C:\WINDOWS\SYSTEM32\ntdll.dll
0x00007ffb45d50000 - 0x00007ffb45e0d000 	C:\WINDOWS\System32\KERNEL32.DLL
0x00007ffb446f0000 - 0x00007ffb449b9000 	C:\WINDOWS\System32\KERNELBASE.dll
0x00007ffb46a00000 - 0x00007ffb46aac000 	C:\WINDOWS\System32\ADVAPI32.dll
0x00007ffb45150000 - 0x00007ffb451ee000 	C:\WINDOWS\System32\msvcrt.dll
0x00007ffb45f70000 - 0x00007ffb4600b000 	C:\WINDOWS\System32\sechost.dll
0x00007ffb46830000 - 0x00007ffb4695a000 	C:\WINDOWS\System32\RPCRT4.dll
0x00007ffb45af0000 - 0x00007ffb45c90000 	C:\WINDOWS\System32\USER32.dll
0x00007ffb446c0000 - 0x00007ffb446e2000 	C:\WINDOWS\System32\win32u.dll
0x00007ffb46070000 - 0x00007ffb4609a000 	C:\WINDOWS\System32\GDI32.dll
0x00007ffb444d0000 - 0x00007ffb445db000 	C:\WINDOWS\System32\gdi32full.dll
0x00007ffb44430000 - 0x00007ffb444cd000 	C:\WINDOWS\System32\msvcp_win.dll
0x00007ffb44330000 - 0x00007ffb44430000 	C:\WINDOWS\System32\ucrtbase.dll
0x00007ffb2f950000 - 0x00007ffb2fbea000 	C:\WINDOWS\WinSxS\amd64_microsoft.windows.common-controls_6595b64144ccf1df_6.0.19041.1110_none_60b5254171f9507e\COMCTL32.dll
0x00007ffb45120000 - 0x00007ffb45150000 	C:\WINDOWS\System32\IMM32.DLL
0x00000000543b0000 - 0x0000000054482000 	C:\Program Files\OpenJDK\openjdk-8u302-b08\jre\bin\msvcr100.dll
0x00000000526f0000 - 0x0000000052f83000 	C:\Program Files\OpenJDK\openjdk-8u302-b08\jre\bin\server\jvm.dll
0x00007ffb469f0000 - 0x00007ffb469f8000 	C:\WINDOWS\System32\PSAPI.DLL
0x00007ffb40ea0000 - 0x00007ffb40ea9000 	C:\WINDOWS\SYSTEM32\WSOCK32.dll
0x00007ffb3a200000 - 0x00007ffb3a227000 	C:\WINDOWS\SYSTEM32\WINMM.dll
0x00007ffb3e700000 - 0x00007ffb3e70a000 	C:\WINDOWS\SYSTEM32\VERSION.dll
0x00007ffb45ee0000 - 0x00007ffb45f4b000 	C:\WINDOWS\System32\WS2_32.dll
0x00007ffb3f9a0000 - 0x00007ffb3f9af000 	C:\Program Files\OpenJDK\openjdk-8u302-b08\jre\bin\verify.dll
0x00007ffb3f8f0000 - 0x00007ffb3f919000 	C:\Program Files\OpenJDK\openjdk-8u302-b08\jre\bin\java.dll
0x00007ffb3f6e0000 - 0x00007ffb3f6f6000 	C:\Program Files\OpenJDK\openjdk-8u302-b08\jre\bin\zip.dll
0x00007ffb45200000 - 0x00007ffb4593f000 	C:\WINDOWS\System32\SHELL32.dll
0x00007ffb423d0000 - 0x00007ffb42b60000 	C:\WINDOWS\SYSTEM32\windows.storage.dll
0x00007ffb44d60000 - 0x00007ffb450b5000 	C:\WINDOWS\System32\combase.dll
0x00007ffb43d00000 - 0x00007ffb43d2c000 	C:\WINDOWS\SYSTEM32\Wldp.dll
0x00007ffb45ca0000 - 0x00007ffb45d4e000 	C:\WINDOWS\System32\SHCORE.dll
0x00007ffb46010000 - 0x00007ffb46065000 	C:\WINDOWS\System32\shlwapi.dll
0x00007ffb441e0000 - 0x00007ffb441ff000 	C:\WINDOWS\SYSTEM32\profapi.dll
0x00007ffb3f680000 - 0x00007ffb3f69b000 	C:\Program Files\OpenJDK\openjdk-8u302-b08\jre\bin\net.dll
0x00007ffb43a60000 - 0x00007ffb43aca000 	C:\WINDOWS\system32\mswsock.dll
0x00007ffb3f550000 - 0x00007ffb3f561000 	C:\Program Files\OpenJDK\openjdk-8u302-b08\jre\bin\nio.dll
0x00007ffb3e370000 - 0x00007ffb3e397000 	C:\Users\Rodrigo\.gradle\native\49d0259a56938c7f99b2704e745ce422c4f750a7a20b539a32ccef96729676b1\windows-amd64\native-platform.dll
0x00007ffb22b10000 - 0x00007ffb22ca6000 	C:\Users\Rodrigo\.gradle\native\12488b8bf47d2d4c9fbf2f6322a914ad602e24e48041cd04a747c6da556b65c4\windows-amd64\native-platform-file-events.dll
0x00007ffb3f6b0000 - 0x00007ffb3f6bd000 	C:\Program Files\OpenJDK\openjdk-8u302-b08\jre\bin\management.dll
0x00007ffb43c50000 - 0x00007ffb43c68000 	C:\WINDOWS\SYSTEM32\CRYPTSP.dll
0x00007ffb43370000 - 0x00007ffb433a4000 	C:\WINDOWS\system32\rsaenh.dll
0x00007ffb445e0000 - 0x00007ffb44607000 	C:\WINDOWS\System32\bcrypt.dll
0x00007ffb441a0000 - 0x00007ffb441ce000 	C:\WINDOWS\SYSTEM32\USERENV.dll
0x00007ffb442a0000 - 0x00007ffb44323000 	C:\WINDOWS\System32\bcryptprimitives.dll
0x00007ffb43c70000 - 0x00007ffb43c7c000 	C:\WINDOWS\SYSTEM32\CRYPTBASE.dll
0x00007ffb43700000 - 0x00007ffb4373b000 	C:\WINDOWS\SYSTEM32\IPHLPAPI.DLL
0x00007ffb45c90000 - 0x00007ffb45c98000 	C:\WINDOWS\System32\NSI.dll
0x00007ffb3e730000 - 0x00007ffb3e747000 	C:\WINDOWS\SYSTEM32\dhcpcsvc6.DLL
0x00007ffb3e710000 - 0x00007ffb3e72d000 	C:\WINDOWS\SYSTEM32\dhcpcsvc.DLL
0x00007ffb43750000 - 0x00007ffb4381c000 	C:\WINDOWS\SYSTEM32\DNSAPI.dll

VM Arguments:
jvm_args: -XX:MaxMetaspaceSize=256m -XX:+HeapDumpOnOutOfMemoryError -Xms256m -Xmx512m -Dfile.encoding=windows-1252 -Duser.country=US -Duser.language=en -Duser.variant 
java_command: org.gradle.launcher.daemon.bootstrap.GradleDaemon 6.9
java_class_path (initial): C:\Users\Rodrigo\.gradle\wrapper\dists\gradle-6.9-all\dooywd8nv05k16orzxge2b1bs\gradle-6.9\lib\gradle-launcher-6.9.jar
Launcher Type: SUN_STANDARD

Environment Variables:
JAVA_HOME=C:\Program Files\OpenJDK\openjdk-8u302-b08
CLASSPATH=D:\Importante\Cursos\React Native\jogo-da-velha\ticTacToe\android\\gradle\wrapper\gradle-wrapper.jar
PATH=D:\Importante\Cursos\React Native\jogo-da-velha\ticTacToe\android\node_modules\.bin;D:\Importante\Cursos\React Native\jogo-da-velha\ticTacToe\node_modules\.bin;D:\Importante\Cursos\React Native\jogo-da-velha\node_modules\.bin;D:\Importante\Cursos\React Native\node_modules\.bin;D:\Importante\Cursos\node_modules\.bin;D:\Importante\node_modules\.bin;D:\node_modules\.bin;C:\Program Files\nodejs;D:\Importante\Cursos\React Native\jogo-da-velha\ticTacToe\node_modules\.bin;C:\ProgramData\Oracle\Java\javapath;C:\Program Files (x86)\Common Files\Oracle\Java\javapath;C:\Program Files (x86)\Intel\iCLS Client\;C:\Program Files\Intel\iCLS Client\;C:\Windows\system32;C:\Windows;C:\Windows\System32\Wbem;C:\Windows\System32\WindowsPowerShell\v1.0\;C:\Program Files (x86)\NVIDIA Corporation\PhysX\Common;C:\WINDOWS\system32;C:\WINDOWS;C:\WINDOWS\System32\Wbem;C:\WINDOWS\System32\WindowsPowerShell\v1.0\;C:\Program Files\Intel\Intel(R) Management Engine Components\DAL;C:\Program Files (x86)\Intel\Intel(R) Management Engine Components\DAL;C:\Program Files\Intel\Intel(R) Management Engine Components\IPT;C:\Program Files (x86)\Intel\Intel(R) Management Engine Components\IPT;C:\WINDOWS\System32\OpenSSH\;C:\Program Files\NVIDIA Corporation\NVIDIA NvDLISR;C:\Program Files\Git\cmd;C:\ProgramData\chocolatey\bin;C:\Program Files\OpenJDK\openjdk-8u302-b08\bin;C:\Program Files\nodejs\;C:\Users\Rodrigo\AppData\Local\Microsoft\WindowsApps;C:\Users\Rodrigo\AppData\Local\GitHubDesktop\bin;C:\Users\Rodrigo\AppData\Local\Programs\Microsoft VS Code\bin;C:\Users\Rodrigo\AppData\Roaming\npm
USERNAME=Rodrigo
OS=Windows_NT
PROCESSOR_IDENTIFIER=Intel64 Family 6 Model 42 Stepping 7, GenuineIntel



---------------  S Y S T E M  ---------------

OS: Windows 10.0 , 64 bit Build 19041 (10.0.19041.1151)

CPU:total 8 (initial active 8) (4 cores per cpu, 2 threads per core) family 6 model 42 stepping 7, cmov, cx8, fxsr, mmx, sse, sse2, sse3, ssse3, sse4.1, sse4.2, popcnt, avx, aes, clmul, ht, tsc, tscinvbit

Memory: 4k page, physical 8365508k(421656k free), swap 15552548k(7064k free)

vm_info: OpenJDK 64-Bit Server VM (25.302-b08) for windows-amd64 JRE (1.8.0_302-b08), built on Jul 16 2021 12:02:07 by "build" with MS VC++ 10.0 (VS2010)

time: Fri Sep 03 00:55:02 2021
timezone: E. South America Standard Time
elapsed time: 15.956395 seconds (0d 0h 0m 15s)

